0.0.11

  * run changelog command into source folder of the  project
  * changelog: 0.0.10

  - mh-cbon <mh-cbon@users.noreply.github.com>

-- mh-cbon <mh-cbon@users.noreply.github.com>; Mon, 11 Jul 2016 19:51:50 +0200


0.0.10

  * travis: fix go install
  * changelog: 0.0.9

  - mh-cbon <mh-cbon@users.noreply.github.com>

-- mh-cbon <mh-cbon@users.noreply.github.com>; Mon, 11 Jul 2016 19:43:59 +0200


0.0.9

  * travis: fix go install

  - mh-cbon <mh-cbon@users.noreply.github.com>

-- mh-cbon <mh-cbon@users.noreply.github.com>; Mon, 11 Jul 2016 19:24:48 +0200


0.0.8

  * travis: fix path

  - mh-cbon <mh-cbon@users.noreply.github.com>

-- mh-cbon <mh-cbon@users.noreply.github.com>; Mon, 11 Jul 2016 19:10:39 +0200


0.0.7

  * travis was missing changelog bin

  - mh-cbon <mh-cbon@users.noreply.github.com>

-- mh-cbon <mh-cbon@users.noreply.github.com>; Mon, 11 Jul 2016 18:46:15 +0200


0.0.6

  * fix os/exec: stdout already set

  - mh-cbon <mh-cbon@users.noreply.github.com>

-- mh-cbon <mh-cbon@users.noreply.github.com>; Mon, 11 Jul 2016 18:32:48 +0200


0.0.5

  * fix travis

  - mh-cbon <mh-cbon@users.noreply.github.com>

-- mh-cbon <mh-cbon@users.noreply.github.com>; Mon, 11 Jul 2016 18:24:23 +0200


0.0.4

  * fix travis

  - mh-cbon <mh-cbon@users.noreply.github.com>

-- mh-cbon <mh-cbon@users.noreply.github.com>; Mon, 11 Jul 2016 18:14:49 +0200


0.0.3

  * fix travis

  - mh-cbon <mh-cbon@users.noreply.github.com>

-- mh-cbon <mh-cbon@users.noreply.github.com>; Mon, 11 Jul 2016 18:11:23 +0200


0.0.2

  * fix various glide problems
  * fix missing vars to create MD changelog file

  - mh-cbon <mh-cbon@users.noreply.github.com>

-- mh-cbon <mh-cbon@users.noreply.github.com>; Mon, 11 Jul 2016 17:11:17 +0200


0.0.1

  * Initial release

  - mh-cbon <mh-cbon@users.noreply.github.com>

-- mh-cbon <mh-cbon@users.noreply.github.com>; Mon, 11 Jul 2016 14:49:41 +0200


